<?xml version="1.0" encoding="UTF-8"?>
<!-- Generated by org.testng.reporters.JUnitXMLReporter -->
<testsuite ignored="0" hostname="LAPTOP-48NABCVA" failures="1" tests="2" name="Test" time="28.858" errors="0" timestamp="2024-12-04T17:15:33 IST">
  <testcase classname="testcases.TC_01_Registration" name="registration" time="8.536">
    <failure type="java.lang.NullPointerException" message="Cannot invoke &amp;quot;org.openqa.selenium.WebElement.getText()&amp;quot; because &amp;quot;this.accountcreation&amp;quot; is null">
      <![CDATA[java.lang.NullPointerException: Cannot invoke "org.openqa.selenium.WebElement.getText()" because "this.accountcreation" is null
at pageFactory.AccountCreatedPage.AccountSuccessfullyGenerate(AccountCreatedPage.java:19)
at testcases.TC_01_Registration.registration(TC_01_Registration.java:37)
at java.base/java.util.ArrayList.forEach(ArrayList.java:1596)
... Removed 25 stack frames]]>
    </failure>
  </testcase> <!-- registration -->
  <testcase classname="testcases.TC_02_Login" name="login" time="3.64"/>
</testsuite> <!-- Test -->
