<?xml version="1.0" encoding="UTF-8"?>
<!-- Generated by org.testng.reporters.JUnitXMLReporter -->
<testsuite ignored="0" hostname="LAPTOP-48NABCVA" failures="2" tests="3" name="Test" time="28.104" errors="0" timestamp="2024-12-05T12:51:05 IST">
  <testcase classname="testcases.TC_01_Registration" name="registration" time="8.468">
    <failure type="java.lang.NullPointerException" message="Cannot invoke &amp;quot;org.openqa.selenium.WebElement.isDisplayed()&amp;quot; because &amp;quot;this.accountcreation&amp;quot; is null">
      <![CDATA[java.lang.NullPointerException: Cannot invoke "org.openqa.selenium.WebElement.isDisplayed()" because "this.accountcreation" is null
at pageFactory.AccountCreatedPage.AccountSuccessfullyGenerate(AccountCreatedPage.java:19)
at testcases.TC_01_Registration.registration(TC_01_Registration.java:36)
at java.base/java.util.ArrayList.forEach(ArrayList.java:1596)
... Removed 25 stack frames]]>
    </failure>
  </testcase> <!-- registration -->
  <testcase classname="testcases.TC_02_Login" name="login" time="2.16"/>
  <testcase classname="testcases.TC_03_SEARCH" name="Serach" time="0.029">
    <failure type="java.lang.NullPointerException" message="Cannot invoke &amp;quot;org.openqa.selenium.WebElement.sendKeys(java.lang.CharSequence[])&amp;quot; because &amp;quot;this.searchtext&amp;quot; is null">
      <![CDATA[java.lang.NullPointerException: Cannot invoke "org.openqa.selenium.WebElement.sendKeys(java.lang.CharSequence[])" because "this.searchtext" is null
at pageFactory.SearchPage.searchTextField(SearchPage.java:26)
at testcases.TC_03_SEARCH.Serach(TC_03_SEARCH.java:15)
at java.base/java.util.ArrayList.forEach(ArrayList.java:1596)
... Removed 25 stack frames]]>
    </failure>
  </testcase> <!-- Serach -->
</testsuite> <!-- Test -->
