<?xml version="1.0" encoding="UTF-8"?>
<testng-results ignored="0" total="2" passed="1" failed="1" skipped="0">
  <reporter-output>
  </reporter-output>
  <suite started-at="2024-12-04T17:15:04 IST" name="Suite" finished-at="2024-12-04T17:15:33 IST" duration-ms="28858">
    <groups>
    </groups>
    <test started-at="2024-12-04T17:15:04 IST" name="Test" finished-at="2024-12-04T17:15:33 IST" duration-ms="28858">
      <class name="testcases.TC_01_Registration">
        <test-method is-config="true" signature="launchBrowser(java.lang.String)[pri:0, instance:testcases.TC_01_Registration@31304f14]" started-at="2024-12-04T17:15:04 IST" name="launchBrowser" finished-at="2024-12-04T17:15:13 IST" duration-ms="8682" status="PASS">
          <params>
            <param index="0">
              <value>
                <![CDATA[EDGE]]>
              </value>
            </param>
          </params>
          <reporter-output>
          </reporter-output>
        </test-method> <!-- launchBrowser -->
        <test-method signature="registration()[pri:0, instance:testcases.TC_01_Registration@31304f14]" started-at="2024-12-04T17:15:13 IST" name="registration" finished-at="2024-12-04T17:15:21 IST" duration-ms="8536" status="FAIL">
          <exception class="java.lang.NullPointerException">
            <message>
              <![CDATA[Cannot invoke "org.openqa.selenium.WebElement.getText()" because "this.accountcreation" is null]]>
            </message>
            <full-stacktrace>
              <![CDATA[java.lang.NullPointerException: Cannot invoke "org.openqa.selenium.WebElement.getText()" because "this.accountcreation" is null
at pageFactory.AccountCreatedPage.AccountSuccessfullyGenerate(AccountCreatedPage.java:19)
at testcases.TC_01_Registration.registration(TC_01_Registration.java:37)
at java.base/jdk.internal.reflect.DirectMethodHandleAccessor.invoke(DirectMethodHandleAccessor.java:103)
at java.base/java.lang.reflect.Method.invoke(Method.java:580)
at org.testng.internal.invokers.MethodInvocationHelper.invokeMethod(MethodInvocationHelper.java:141)
at org.testng.internal.invokers.TestInvoker.invokeMethod(TestInvoker.java:686)
at org.testng.internal.invokers.TestInvoker.invokeTestMethod(TestInvoker.java:230)
at org.testng.internal.invokers.MethodRunner.runInSequence(MethodRunner.java:63)
at org.testng.internal.invokers.TestInvoker$MethodInvocationAgent.invoke(TestInvoker.java:992)
at org.testng.internal.invokers.TestInvoker.invokeTestMethods(TestInvoker.java:203)
at org.testng.internal.invokers.TestMethodWorker.invokeTestMethods(TestMethodWorker.java:154)
at org.testng.internal.invokers.TestMethodWorker.run(TestMethodWorker.java:134)
at java.base/java.util.ArrayList.forEach(ArrayList.java:1596)
at org.testng.TestRunner.privateRun(TestRunner.java:739)
at org.testng.TestRunner.run(TestRunner.java:614)
at org.testng.SuiteRunner.runTest(SuiteRunner.java:421)
at org.testng.SuiteRunner.runSequentially(SuiteRunner.java:413)
at org.testng.SuiteRunner.privateRun(SuiteRunner.java:373)
at org.testng.SuiteRunner.run(SuiteRunner.java:312)
at org.testng.SuiteRunnerWorker.runSuite(SuiteRunnerWorker.java:52)
at org.testng.SuiteRunnerWorker.run(SuiteRunnerWorker.java:95)
at org.testng.TestNG.runSuitesSequentially(TestNG.java:1274)
at org.testng.TestNG.runSuitesLocally(TestNG.java:1208)
at org.testng.TestNG.runSuites(TestNG.java:1112)
at org.testng.TestNG.run(TestNG.java:1079)
at org.testng.remote.AbstractRemoteTestNG.run(AbstractRemoteTestNG.java:115)
at org.testng.remote.RemoteTestNG.initAndRun(RemoteTestNG.java:293)
at org.testng.remote.RemoteTestNG.main(RemoteTestNG.java:91)
]]>
            </full-stacktrace>
          </exception> <!-- java.lang.NullPointerException -->
          <reporter-output>
          </reporter-output>
        </test-method> <!-- registration -->
        <test-method is-config="true" signature="closeBrowser()[pri:0, instance:testcases.TC_01_Registration@31304f14]" started-at="2024-12-04T17:15:21 IST" name="closeBrowser" finished-at="2024-12-04T17:15:22 IST" duration-ms="301" status="PASS">
          <reporter-output>
          </reporter-output>
        </test-method> <!-- closeBrowser -->
      </class> <!-- testcases.TC_01_Registration -->
      <class name="testcases.TC_02_Login">
        <test-method is-config="true" signature="launchBrowser(java.lang.String)[pri:0, instance:testcases.TC_02_Login@292b08d6]" started-at="2024-12-04T17:15:22 IST" name="launchBrowser" finished-at="2024-12-04T17:15:29 IST" duration-ms="7240" status="PASS">
          <params>
            <param index="0">
              <value>
                <![CDATA[EDGE]]>
              </value>
            </param>
          </params>
          <reporter-output>
          </reporter-output>
        </test-method> <!-- launchBrowser -->
        <test-method signature="login()[pri:0, instance:testcases.TC_02_Login@292b08d6]" started-at="2024-12-04T17:15:29 IST" name="login" finished-at="2024-12-04T17:15:32 IST" duration-ms="3640" status="PASS">
          <reporter-output>
          </reporter-output>
        </test-method> <!-- login -->
        <test-method is-config="true" signature="closeBrowser()[pri:0, instance:testcases.TC_02_Login@292b08d6]" started-at="2024-12-04T17:15:32 IST" name="closeBrowser" finished-at="2024-12-04T17:15:33 IST" duration-ms="308" status="PASS">
          <reporter-output>
          </reporter-output>
        </test-method> <!-- closeBrowser -->
      </class> <!-- testcases.TC_02_Login -->
    </test> <!-- Test -->
  </suite> <!-- Suite -->
</testng-results>
